<?xml version="1.0" encoding="UTF-8"?>
<robot generator="Robot 4.1.3 (Python 3.7.0 on win32)" generated="20220212 14:27:35.480" rpa="false" schemaversion="2">
<suite id="s1" name="Demo1 Suite" source="C:\Users\Harish banakar\PycharmProjects\pythonProject\LT4\robotframework\robot_suite\demo1_suite.robot">
<test id="s1-t1" name="TC1 Print Name">
<kw name="Log To Console" library="BuiltIn">
<arg>hello,everyone</arg>
<doc>Logs the given message to the console.</doc>
<status status="PASS" starttime="20220212 14:27:35.608" endtime="20220212 14:27:35.611"/>
</kw>
<kw name="Log To Console" library="BuiltIn">
<arg>Usha</arg>
<doc>Logs the given message to the console.</doc>
<status status="PASS" starttime="20220212 14:27:35.612" endtime="20220212 14:27:35.613"/>
</kw>
<tag>high</tag>
<status status="PASS" starttime="20220212 14:27:35.605" endtime="20220212 14:27:35.614"/>
</test>
<status status="PASS" starttime="20220212 14:27:35.486" endtime="20220212 14:27:35.617"/>
</suite>
<statistics>
<total>
<stat pass="1" fail="0" skip="0">All Tests</stat>
</total>
<tag>
<stat pass="1" fail="0" skip="0">high</stat>
</tag>
<suite>
<stat pass="1" fail="0" skip="0" id="s1" name="Demo1 Suite">Demo1 Suite</stat>
</suite>
</statistics>
<errors>
</errors>
</robot>
