<?xml version="1.0" encoding="UTF-8"?>
<robot generator="Robot 4.1.3 (Python 3.7.0 on win32)" generated="20220210 14:07:32.660" rpa="false" schemaversion="2">
<suite id="s1" name="Nesscom Membership" source="C:\Users\Harish banakar\PycharmProjects\pythonProject\LT4\robotframework\selenium_suite\nesscom_membership.robot">
<test id="s1-t1" name="TC1">
<kw name="Open Browser" library="SeleniumLibrary">
<arg>browser=chrome</arg>
<arg>executable_path=${EXECDIR}/drivers/chromedriver</arg>
<doc>Opens a new browser instance to the optional ``url``.</doc>
<msg timestamp="20220210 14:07:33.425" level="INFO">Opening browser 'chrome' to base url 'None'.</msg>
<status status="PASS" starttime="20220210 14:07:33.423" endtime="20220210 14:07:35.737"/>
</kw>
<kw name="Maximize Browser Window" library="SeleniumLibrary">
<doc>Maximizes current browser window.</doc>
<status status="PASS" starttime="20220210 14:07:35.753" endtime="20220210 14:07:35.953"/>
</kw>
<kw name="Set Selenium Implicit Wait" library="SeleniumLibrary">
<arg>30s</arg>
<doc>Sets the implicit wait value used by Selenium.</doc>
<status status="PASS" starttime="20220210 14:07:35.954" endtime="20220210 14:07:35.959"/>
</kw>
<kw name="Go To" library="SeleniumLibrary">
<arg>url=https://nasscom.in/nasscom-membership</arg>
<doc>Navigates the current browser window to the provided ``url``.</doc>
<msg timestamp="20220210 14:07:35.963" level="INFO">Opening url 'https://nasscom.in/nasscom-membership'</msg>
<status status="PASS" starttime="20220210 14:07:35.961" endtime="20220210 14:07:45.384"/>
</kw>
<kw name="Click Element" library="SeleniumLibrary">
<arg>id=edit-field-membership-type-und-1203</arg>
<doc>Click the element identified by ``locator``.</doc>
<msg timestamp="20220210 14:07:45.389" level="INFO">Clicking element 'id=edit-field-membership-type-und-1203'.</msg>
<status status="PASS" starttime="20220210 14:07:45.388" endtime="20220210 14:07:45.514"/>
</kw>
<kw name="Click Element" library="SeleniumLibrary">
<arg>Xpath=//*[@id="edit-field-business-focus-inst-und-966"]</arg>
<doc>Click the element identified by ``locator``.</doc>
<msg timestamp="20220210 14:07:45.518" level="INFO">Clicking element 'Xpath=//*[@id="edit-field-business-focus-inst-und-966"]'.</msg>
<status status="PASS" starttime="20220210 14:07:45.517" endtime="20220210 14:07:45.816"/>
</kw>
<kw name="Click Element" library="SeleniumLibrary">
<arg>Xpath=//*[@id="edit-field-business-focus-inst-und-970"]</arg>
<doc>Click the element identified by ``locator``.</doc>
<msg timestamp="20220210 14:07:45.818" level="INFO">Clicking element 'Xpath=//*[@id="edit-field-business-focus-inst-und-970"]'.</msg>
<status status="PASS" starttime="20220210 14:07:45.817" endtime="20220210 14:07:45.964"/>
</kw>
<kw name="Click Element" library="SeleniumLibrary">
<arg>link=Calculate Membership Fee</arg>
<doc>Click the element identified by ``locator``.</doc>
<msg timestamp="20220210 14:07:45.967" level="INFO">Clicking element 'link=Calculate Membership Fee'.</msg>
<status status="PASS" starttime="20220210 14:07:45.966" endtime="20220210 14:07:46.167"/>
</kw>
<kw name="Handle Alert" library="SeleniumLibrary">
<var>${alert_text}</var>
<arg>action=ACCEPT</arg>
<doc>Handles the current alert and returns its message.</doc>
<msg timestamp="20220210 14:07:46.170" level="INFO">HANDLE::&lt;class 'NoneType'&gt;::None</msg>
<msg timestamp="20220210 14:07:46.184" level="INFO">${alert_text} = Please enter amount in digit and greater than zero.</msg>
<status status="PASS" starttime="20220210 14:07:46.169" endtime="20220210 14:07:46.184"/>
</kw>
<kw name="Log To Console" library="BuiltIn">
<arg>${alert_text}</arg>
<doc>Logs the given message to the console.</doc>
<status status="PASS" starttime="20220210 14:07:46.186" endtime="20220210 14:07:46.188"/>
</kw>
<status status="PASS" starttime="20220210 14:07:33.420" endtime="20220210 14:07:46.197"/>
</test>
<status status="PASS" starttime="20220210 14:07:32.669" endtime="20220210 14:07:46.230"/>
</suite>
<statistics>
<total>
<stat pass="1" fail="0" skip="0">All Tests</stat>
</total>
<tag>
</tag>
<suite>
<stat pass="1" fail="0" skip="0" id="s1" name="Nesscom Membership">Nesscom Membership</stat>
</suite>
</statistics>
<errors>
</errors>
</robot>
